This file contains any messages produced by compilers while
running configure, to aid debugging if configure makes a mistake.

It was created by configure, which was
generated by GNU Autoconf 2.68.  Invocation command line was

  $ ./configure --with-tcl-ver=8.5.17

## --------- ##
## Platform. ##
## --------- ##

hostname = 720S-13ARR
uname -m = x86_64
uname -r = 5.0.7-050007-generic
uname -s = Linux
uname -v = #201904052141 SMP Fri Apr 5 21:43:20 UTC 2019

/usr/bin/uname -p = unknown
/bin/uname -X     = unknown

/bin/arch              = unknown
/usr/bin/arch -k       = unknown
/usr/convex/getsysinfo = unknown
/usr/bin/hostinfo      = unknown
/bin/machine           = unknown
/usr/bin/oslevel       = unknown
/bin/universe          = unknown

PATH: /home/christen/.local/bin
PATH: /home/christen/bin
PATH: /usr/local/hive/bin
PATH: /usr/local/robo3t/bin
PATH: /usr/local/jgrasp/bin
PATH: /usr/local/hadoop/bin
PATH: /usr/local/sbin
PATH: /usr/local/bin
PATH: /usr/sbin
PATH: /usr/bin
PATH: /sbin
PATH: /bin
PATH: /usr/games
PATH: /usr/local/games
PATH: /snap/bin
PATH: /usr/lib/jvm/java-11-oracle/bin
PATH: /usr/lib/jvm/java-11-oracle/db/bin
PATH: /usr/lib/jvm/java-8-oracle/bin
PATH: /usr/local/hadoop/bin
PATH: /usr/local/hadoop/sbin
PATH: /usr/local/hive//bin


## ----------- ##
## Core tests. ##
## ----------- ##

configure:2497: checking for gcc
configure:2513: found /usr/bin/gcc
configure:2524: result: gcc
configure:2753: checking for C compiler version
configure:2762: gcc --version >&5
gcc (Ubuntu 8.2.0-7ubuntu1) 8.2.0
Copyright (C) 2018 Free Software Foundation, Inc.
This is free software; see the source for copying conditions.  There is NO
warranty; not even for MERCHANTABILITY or FITNESS FOR A PARTICULAR PURPOSE.

configure:2773: $? = 0
configure:2762: gcc -v >&5
Using built-in specs.
COLLECT_GCC=gcc
COLLECT_LTO_WRAPPER=/usr/lib/gcc/x86_64-linux-gnu/8/lto-wrapper
OFFLOAD_TARGET_NAMES=nvptx-none
OFFLOAD_TARGET_DEFAULT=1
Target: x86_64-linux-gnu
Configured with: ../src/configure -v --with-pkgversion='Ubuntu 8.2.0-7ubuntu1' --with-bugurl=file:///usr/share/doc/gcc-8/README.Bugs --enable-languages=c,ada,c++,go,brig,d,fortran,objc,obj-c++ --prefix=/usr --with-gcc-major-version-only --program-suffix=-8 --program-prefix=x86_64-linux-gnu- --enable-shared --enable-linker-build-id --libexecdir=/usr/lib --without-included-gettext --enable-threads=posix --libdir=/usr/lib --enable-nls --with-sysroot=/ --enable-clocale=gnu --enable-libstdcxx-debug --enable-libstdcxx-time=yes --with-default-libstdcxx-abi=new --enable-gnu-unique-object --disable-vtable-verify --enable-libmpx --enable-plugin --enable-default-pie --with-system-zlib --with-target-system-zlib --enable-objc-gc=auto --enable-multiarch --disable-werror --with-arch-32=i686 --with-abi=m64 --with-multilib-list=m32,m64,mx32 --enable-multilib --with-tune=generic --enable-offload-targets=nvptx-none --without-cuda-driver --enable-checking=release --build=x86_64-linux-gnu --host=x86_64-linux-gnu --target=x86_64-linux-gnu
Thread model: posix
gcc version 8.2.0 (Ubuntu 8.2.0-7ubuntu1) 
configure:2773: $? = 0
configure:2762: gcc -V >&5
gcc: error: unrecognized command line option '-V'
gcc: fatal error: no input files
compilation terminated.
configure:2773: $? = 1
configure:2762: gcc -qversion >&5
gcc: error: unrecognized command line option '-qversion'; did you mean '--version'?
gcc: fatal error: no input files
compilation terminated.
configure:2773: $? = 1
configure:2793: checking whether the C compiler works
configure:2815: gcc    conftest.c  >&5
configure:2819: $? = 0
configure:2867: result: yes
configure:2870: checking for C compiler default output file name
configure:2872: result: a.out
configure:2878: checking for suffix of executables
configure:2885: gcc -o conftest    conftest.c  >&5
configure:2889: $? = 0
configure:2911: result: 
configure:2933: checking whether we are cross compiling
configure:2941: gcc -o conftest    conftest.c  >&5
configure:2945: $? = 0
configure:2952: ./conftest
configure:2956: $? = 0
configure:2971: result: no
configure:2976: checking for suffix of object files
configure:2998: gcc -c   conftest.c >&5
configure:3002: $? = 0
configure:3023: result: o
configure:3027: checking whether we are using the GNU C compiler
configure:3046: gcc -c   conftest.c >&5
configure:3046: $? = 0
configure:3055: result: yes
configure:3064: checking whether gcc accepts -g
configure:3084: gcc -c -g  conftest.c >&5
configure:3084: $? = 0
configure:3125: result: yes
configure:3142: checking for gcc option to accept ISO C89
configure:3206: gcc  -c -g -O2  conftest.c >&5
configure:3206: $? = 0
configure:3219: result: none needed
configure:3245: checking how to run the C preprocessor
configure:3276: gcc -E  conftest.c
configure:3276: $? = 0
configure:3290: gcc -E  conftest.c
conftest.c:9:10: fatal error: ac_nonexistent.h: No such file or directory
 #include <ac_nonexistent.h>
          ^~~~~~~~~~~~~~~~~~
compilation terminated.
configure:3290: $? = 1
configure: failed program was:
| /* confdefs.h */
| #define PACKAGE_NAME ""
| #define PACKAGE_TARNAME ""
| #define PACKAGE_VERSION ""
| #define PACKAGE_STRING ""
| #define PACKAGE_BUGREPORT ""
| #define PACKAGE_URL ""
| /* end confdefs.h.  */
| #include <ac_nonexistent.h>
configure:3315: result: gcc -E
configure:3335: gcc -E  conftest.c
configure:3335: $? = 0
configure:3349: gcc -E  conftest.c
conftest.c:9:10: fatal error: ac_nonexistent.h: No such file or directory
 #include <ac_nonexistent.h>
          ^~~~~~~~~~~~~~~~~~
compilation terminated.
configure:3349: $? = 1
configure: failed program was:
| /* confdefs.h */
| #define PACKAGE_NAME ""
| #define PACKAGE_TARNAME ""
| #define PACKAGE_VERSION ""
| #define PACKAGE_STRING ""
| #define PACKAGE_BUGREPORT ""
| #define PACKAGE_URL ""
| /* end confdefs.h.  */
| #include <ac_nonexistent.h>
configure:3378: checking for grep that handles long lines and -e
configure:3436: result: /bin/grep
configure:3441: checking for egrep
configure:3503: result: /bin/grep -E
configure:3508: checking for ANSI C header files
configure:3528: gcc -c -g -O2  conftest.c >&5
configure:3528: $? = 0
configure:3601: gcc -o conftest -g -O2   conftest.c  >&5
configure:3601: $? = 0
configure:3601: ./conftest
configure:3601: $? = 0
configure:3612: result: yes
configure:3625: checking for sys/types.h
configure:3625: gcc -c -g -O2  conftest.c >&5
configure:3625: $? = 0
configure:3625: result: yes
configure:3625: checking for sys/stat.h
configure:3625: gcc -c -g -O2  conftest.c >&5
configure:3625: $? = 0
configure:3625: result: yes
configure:3625: checking for stdlib.h
configure:3625: gcc -c -g -O2  conftest.c >&5
configure:3625: $? = 0
configure:3625: result: yes
configure:3625: checking for string.h
configure:3625: gcc -c -g -O2  conftest.c >&5
configure:3625: $? = 0
configure:3625: result: yes
configure:3625: checking for memory.h
configure:3625: gcc -c -g -O2  conftest.c >&5
configure:3625: $? = 0
configure:3625: result: yes
configure:3625: checking for strings.h
configure:3625: gcc -c -g -O2  conftest.c >&5
configure:3625: $? = 0
configure:3625: result: yes
configure:3625: checking for inttypes.h
configure:3625: gcc -c -g -O2  conftest.c >&5
configure:3625: $? = 0
configure:3625: result: yes
configure:3625: checking for stdint.h
configure:3625: gcc -c -g -O2  conftest.c >&5
configure:3625: $? = 0
configure:3625: result: yes
configure:3625: checking for unistd.h
configure:3625: gcc -c -g -O2  conftest.c >&5
configure:3625: $? = 0
configure:3625: result: yes
configure:3638: checking minix/config.h usability
configure:3638: gcc -c -g -O2  conftest.c >&5
conftest.c:52:10: fatal error: minix/config.h: No such file or directory
 #include <minix/config.h>
          ^~~~~~~~~~~~~~~~
compilation terminated.
configure:3638: $? = 1
configure: failed program was:
| /* confdefs.h */
| #define PACKAGE_NAME ""
| #define PACKAGE_TARNAME ""
| #define PACKAGE_VERSION ""
| #define PACKAGE_STRING ""
| #define PACKAGE_BUGREPORT ""
| #define PACKAGE_URL ""
| #define STDC_HEADERS 1
| #define HAVE_SYS_TYPES_H 1
| #define HAVE_SYS_STAT_H 1
| #define HAVE_STDLIB_H 1
| #define HAVE_STRING_H 1
| #define HAVE_MEMORY_H 1
| #define HAVE_STRINGS_H 1
| #define HAVE_INTTYPES_H 1
| #define HAVE_STDINT_H 1
| #define HAVE_UNISTD_H 1
| /* end confdefs.h.  */
| #include <stdio.h>
| #ifdef HAVE_SYS_TYPES_H
| # include <sys/types.h>
| #endif
| #ifdef HAVE_SYS_STAT_H
| # include <sys/stat.h>
| #endif
| #ifdef STDC_HEADERS
| # include <stdlib.h>
| # include <stddef.h>
| #else
| # ifdef HAVE_STDLIB_H
| #  include <stdlib.h>
| # endif
| #endif
| #ifdef HAVE_STRING_H
| # if !defined STDC_HEADERS && defined HAVE_MEMORY_H
| #  include <memory.h>
| # endif
| # include <string.h>
| #endif
| #ifdef HAVE_STRINGS_H
| # include <strings.h>
| #endif
| #ifdef HAVE_INTTYPES_H
| # include <inttypes.h>
| #endif
| #ifdef HAVE_STDINT_H
| # include <stdint.h>
| #endif
| #ifdef HAVE_UNISTD_H
| # include <unistd.h>
| #endif
| #include <minix/config.h>
configure:3638: result: no
configure:3638: checking minix/config.h presence
configure:3638: gcc -E  conftest.c
conftest.c:19:10: fatal error: minix/config.h: No such file or directory
 #include <minix/config.h>
          ^~~~~~~~~~~~~~~~
compilation terminated.
configure:3638: $? = 1
configure: failed program was:
| /* confdefs.h */
| #define PACKAGE_NAME ""
| #define PACKAGE_TARNAME ""
| #define PACKAGE_VERSION ""
| #define PACKAGE_STRING ""
| #define PACKAGE_BUGREPORT ""
| #define PACKAGE_URL ""
| #define STDC_HEADERS 1
| #define HAVE_SYS_TYPES_H 1
| #define HAVE_SYS_STAT_H 1
| #define HAVE_STDLIB_H 1
| #define HAVE_STRING_H 1
| #define HAVE_MEMORY_H 1
| #define HAVE_STRINGS_H 1
| #define HAVE_INTTYPES_H 1
| #define HAVE_STDINT_H 1
| #define HAVE_UNISTD_H 1
| /* end confdefs.h.  */
| #include <minix/config.h>
configure:3638: result: no
configure:3638: checking for minix/config.h
configure:3638: result: no
configure:3659: checking whether it is safe to define __EXTENSIONS__
configure:3677: gcc -c -g -O2  conftest.c >&5
configure:3677: $? = 0
configure:3684: result: yes
configure:3810: checking build system type
configure:3824: result: x86_64-unknown-linux-gnu
configure:3844: checking host system type
configure:3857: result: x86_64-unknown-linux-gnu
configure:3877: checking target system type
configure:3890: result: x86_64-unknown-linux-gnu
configure:3966: checking for gcc
configure:3993: result: gcc
configure:4222: checking for C compiler version
configure:4231: gcc --version >&5
gcc (Ubuntu 8.2.0-7ubuntu1) 8.2.0
Copyright (C) 2018 Free Software Foundation, Inc.
This is free software; see the source for copying conditions.  There is NO
warranty; not even for MERCHANTABILITY or FITNESS FOR A PARTICULAR PURPOSE.

configure:4242: $? = 0
configure:4231: gcc -v >&5
Using built-in specs.
COLLECT_GCC=gcc
COLLECT_LTO_WRAPPER=/usr/lib/gcc/x86_64-linux-gnu/8/lto-wrapper
OFFLOAD_TARGET_NAMES=nvptx-none
OFFLOAD_TARGET_DEFAULT=1
Target: x86_64-linux-gnu
Configured with: ../src/configure -v --with-pkgversion='Ubuntu 8.2.0-7ubuntu1' --with-bugurl=file:///usr/share/doc/gcc-8/README.Bugs --enable-languages=c,ada,c++,go,brig,d,fortran,objc,obj-c++ --prefix=/usr --with-gcc-major-version-only --program-suffix=-8 --program-prefix=x86_64-linux-gnu- --enable-shared --enable-linker-build-id --libexecdir=/usr/lib --without-included-gettext --enable-threads=posix --libdir=/usr/lib --enable-nls --with-sysroot=/ --enable-clocale=gnu --enable-libstdcxx-debug --enable-libstdcxx-time=yes --with-default-libstdcxx-abi=new --enable-gnu-unique-object --disable-vtable-verify --enable-libmpx --enable-plugin --enable-default-pie --with-system-zlib --with-target-system-zlib --enable-objc-gc=auto --enable-multiarch --disable-werror --with-arch-32=i686 --with-abi=m64 --with-multilib-list=m32,m64,mx32 --enable-multilib --with-tune=generic --enable-offload-targets=nvptx-none --without-cuda-driver --enable-checking=release --build=x86_64-linux-gnu --host=x86_64-linux-gnu --target=x86_64-linux-gnu
Thread model: posix
gcc version 8.2.0 (Ubuntu 8.2.0-7ubuntu1) 
configure:4242: $? = 0
configure:4231: gcc -V >&5
gcc: error: unrecognized command line option '-V'
gcc: fatal error: no input files
compilation terminated.
configure:4242: $? = 1
configure:4231: gcc -qversion >&5
gcc: error: unrecognized command line option '-qversion'; did you mean '--version'?
gcc: fatal error: no input files
compilation terminated.
configure:4242: $? = 1
configure:4246: checking whether we are using the GNU C compiler
configure:4274: result: yes
configure:4283: checking whether gcc accepts -g
configure:4344: result: yes
configure:4361: checking for gcc option to accept ISO C89
configure:4438: result: none needed
configure:4516: checking for g++
configure:4532: found /usr/bin/g++
configure:4543: result: g++
configure:4570: checking for C++ compiler version
configure:4579: g++ --version >&5
g++ (Ubuntu 8.2.0-7ubuntu1) 8.2.0
Copyright (C) 2018 Free Software Foundation, Inc.
This is free software; see the source for copying conditions.  There is NO
warranty; not even for MERCHANTABILITY or FITNESS FOR A PARTICULAR PURPOSE.

configure:4590: $? = 0
configure:4579: g++ -v >&5
Using built-in specs.
COLLECT_GCC=g++
COLLECT_LTO_WRAPPER=/usr/lib/gcc/x86_64-linux-gnu/8/lto-wrapper
OFFLOAD_TARGET_NAMES=nvptx-none
OFFLOAD_TARGET_DEFAULT=1
Target: x86_64-linux-gnu
Configured with: ../src/configure -v --with-pkgversion='Ubuntu 8.2.0-7ubuntu1' --with-bugurl=file:///usr/share/doc/gcc-8/README.Bugs --enable-languages=c,ada,c++,go,brig,d,fortran,objc,obj-c++ --prefix=/usr --with-gcc-major-version-only --program-suffix=-8 --program-prefix=x86_64-linux-gnu- --enable-shared --enable-linker-build-id --libexecdir=/usr/lib --without-included-gettext --enable-threads=posix --libdir=/usr/lib --enable-nls --with-sysroot=/ --enable-clocale=gnu --enable-libstdcxx-debug --enable-libstdcxx-time=yes --with-default-libstdcxx-abi=new --enable-gnu-unique-object --disable-vtable-verify --enable-libmpx --enable-plugin --enable-default-pie --with-system-zlib --with-target-system-zlib --enable-objc-gc=auto --enable-multiarch --disable-werror --with-arch-32=i686 --with-abi=m64 --with-multilib-list=m32,m64,mx32 --enable-multilib --with-tune=generic --enable-offload-targets=nvptx-none --without-cuda-driver --enable-checking=release --build=x86_64-linux-gnu --host=x86_64-linux-gnu --target=x86_64-linux-gnu
Thread model: posix
gcc version 8.2.0 (Ubuntu 8.2.0-7ubuntu1) 
configure:4590: $? = 0
configure:4579: g++ -V >&5
g++: error: unrecognized command line option '-V'
g++: fatal error: no input files
compilation terminated.
configure:4590: $? = 1
configure:4579: g++ -qversion >&5
g++: error: unrecognized command line option '-qversion'; did you mean '--version'?
g++: fatal error: no input files
compilation terminated.
configure:4590: $? = 1
configure:4594: checking whether we are using the GNU C++ compiler
configure:4613: g++ -c   conftest.cpp >&5
configure:4613: $? = 0
configure:4622: result: yes
configure:4631: checking whether g++ accepts -g
configure:4651: g++ -c -g  conftest.cpp >&5
configure:4651: $? = 0
configure:4692: result: yes
configure:4715: checking for ANSI C header files
configure:4819: result: yes
configure:4829: checking for string.h
configure:4829: result: yes
configure:4849: checking for main in -lXbsd
configure:4868: gcc -o conftest -g -O2   conftest.c -lXbsd   >&5
/usr/bin/ld: cannot find -lXbsd
collect2: error: ld returned 1 exit status
configure:4868: $? = 1
configure: failed program was:
| /* confdefs.h */
| #define PACKAGE_NAME ""
| #define PACKAGE_TARNAME ""
| #define PACKAGE_VERSION ""
| #define PACKAGE_STRING ""
| #define PACKAGE_BUGREPORT ""
| #define PACKAGE_URL ""
| #define STDC_HEADERS 1
| #define HAVE_SYS_TYPES_H 1
| #define HAVE_SYS_STAT_H 1
| #define HAVE_STDLIB_H 1
| #define HAVE_STRING_H 1
| #define HAVE_MEMORY_H 1
| #define HAVE_STRINGS_H 1
| #define HAVE_INTTYPES_H 1
| #define HAVE_STDINT_H 1
| #define HAVE_UNISTD_H 1
| #define __EXTENSIONS__ 1
| #define _ALL_SOURCE 1
| #define _GNU_SOURCE 1
| #define _POSIX_PTHREAD_SEMANTICS 1
| #define _TANDEM_SOURCE 1
| #define STDC_HEADERS 1
| #define HAVE_STRING_H 1
| /* end confdefs.h.  */
| 
| 
| int
| main ()
| {
| return main ();
|   ;
|   return 0;
| }
configure:4877: result: no
configure:4883: checking for socket in -lsocket
configure:4908: gcc -o conftest -g -O2   conftest.c -lsocket   >&5
/usr/bin/ld: cannot find -lsocket
collect2: error: ld returned 1 exit status
configure:4908: $? = 1
configure: failed program was:
| /* confdefs.h */
| #define PACKAGE_NAME ""
| #define PACKAGE_TARNAME ""
| #define PACKAGE_VERSION ""
| #define PACKAGE_STRING ""
| #define PACKAGE_BUGREPORT ""
| #define PACKAGE_URL ""
| #define STDC_HEADERS 1
| #define HAVE_SYS_TYPES_H 1
| #define HAVE_SYS_STAT_H 1
| #define HAVE_STDLIB_H 1
| #define HAVE_STRING_H 1
| #define HAVE_MEMORY_H 1
| #define HAVE_STRINGS_H 1
| #define HAVE_INTTYPES_H 1
| #define HAVE_STDINT_H 1
| #define HAVE_UNISTD_H 1
| #define __EXTENSIONS__ 1
| #define _ALL_SOURCE 1
| #define _GNU_SOURCE 1
| #define _POSIX_PTHREAD_SEMANTICS 1
| #define _TANDEM_SOURCE 1
| #define STDC_HEADERS 1
| #define HAVE_STRING_H 1
| /* end confdefs.h.  */
| 
| /* Override any GCC internal prototype to avoid an error.
|    Use char because int might match the return type of a GCC
|    builtin and then its argument prototype would still apply.  */
| #ifdef __cplusplus
| extern "C"
| #endif
| char socket ();
| int
| main ()
| {
| return socket ();
|   ;
|   return 0;
| }
configure:4917: result: no
configure:4923: checking for gethostbyname in -lnsl
configure:4948: gcc -o conftest -g -O2   conftest.c -lnsl   >&5
configure:4948: $? = 0
configure:4957: result: yes
configure:4963: checking for dcgettext in -lintl
configure:4988: gcc -o conftest -g -O2   conftest.c -lintl   >&5
conftest.c:33:6: warning: conflicting types for built-in function 'dcgettext' [-Wbuiltin-declaration-mismatch]
 char dcgettext ();
      ^~~~~~~~~
/usr/bin/ld: cannot find -lintl
collect2: error: ld returned 1 exit status
configure:4988: $? = 1
configure: failed program was:
| /* confdefs.h */
| #define PACKAGE_NAME ""
| #define PACKAGE_TARNAME ""
| #define PACKAGE_VERSION ""
| #define PACKAGE_STRING ""
| #define PACKAGE_BUGREPORT ""
| #define PACKAGE_URL ""
| #define STDC_HEADERS 1
| #define HAVE_SYS_TYPES_H 1
| #define HAVE_SYS_STAT_H 1
| #define HAVE_STDLIB_H 1
| #define HAVE_STRING_H 1
| #define HAVE_MEMORY_H 1
| #define HAVE_STRINGS_H 1
| #define HAVE_INTTYPES_H 1
| #define HAVE_STDINT_H 1
| #define HAVE_UNISTD_H 1
| #define __EXTENSIONS__ 1
| #define _ALL_SOURCE 1
| #define _GNU_SOURCE 1
| #define _POSIX_PTHREAD_SEMANTICS 1
| #define _TANDEM_SOURCE 1
| #define STDC_HEADERS 1
| #define HAVE_STRING_H 1
| /* end confdefs.h.  */
| 
| /* Override any GCC internal prototype to avoid an error.
|    Use char because int might match the return type of a GCC
|    builtin and then its argument prototype would still apply.  */
| #ifdef __cplusplus
| extern "C"
| #endif
| char dcgettext ();
| int
| main ()
| {
| return dcgettext ();
|   ;
|   return 0;
| }
configure:4997: result: no
configure:5003: checking for getnodebyname in -ldnet_stub
configure:5028: gcc -o conftest -g -O2   conftest.c -ldnet_stub   >&5
/usr/bin/ld: cannot find -ldnet_stub
collect2: error: ld returned 1 exit status
configure:5028: $? = 1
configure: failed program was:
| /* confdefs.h */
| #define PACKAGE_NAME ""
| #define PACKAGE_TARNAME ""
| #define PACKAGE_VERSION ""
| #define PACKAGE_STRING ""
| #define PACKAGE_BUGREPORT ""
| #define PACKAGE_URL ""
| #define STDC_HEADERS 1
| #define HAVE_SYS_TYPES_H 1
| #define HAVE_SYS_STAT_H 1
| #define HAVE_STDLIB_H 1
| #define HAVE_STRING_H 1
| #define HAVE_MEMORY_H 1
| #define HAVE_STRINGS_H 1
| #define HAVE_INTTYPES_H 1
| #define HAVE_STDINT_H 1
| #define HAVE_UNISTD_H 1
| #define __EXTENSIONS__ 1
| #define _ALL_SOURCE 1
| #define _GNU_SOURCE 1
| #define _POSIX_PTHREAD_SEMANTICS 1
| #define _TANDEM_SOURCE 1
| #define STDC_HEADERS 1
| #define HAVE_STRING_H 1
| /* end confdefs.h.  */
| 
| /* Override any GCC internal prototype to avoid an error.
|    Use char because int might match the return type of a GCC
|    builtin and then its argument prototype would still apply.  */
| #ifdef __cplusplus
| extern "C"
| #endif
| char getnodebyname ();
| int
| main ()
| {
| return getnodebyname ();
|   ;
|   return 0;
| }
configure:5037: result: no
configure:5083: checking that g++ can handle -O2
configure:5104: gcc -c -g -O2  conftest.c >&5
conftest.c: In function 'main':
conftest.c:32:3: error: 'error' undeclared (first use in this function)
   error
   ^~~~~
conftest.c:32:3: note: each undeclared identifier is reported only once for each function it appears in
conftest.c:32:8: error: expected ';' before 'int'
   error
        ^
        ;
conftest.c:36:3:
   int error;
   ~~~   
configure:5104: $? = 1
configure: failed program was:
| /* confdefs.h */
| #define PACKAGE_NAME ""
| #define PACKAGE_TARNAME ""
| #define PACKAGE_VERSION ""
| #define PACKAGE_STRING ""
| #define PACKAGE_BUGREPORT ""
| #define PACKAGE_URL ""
| #define STDC_HEADERS 1
| #define HAVE_SYS_TYPES_H 1
| #define HAVE_SYS_STAT_H 1
| #define HAVE_STDLIB_H 1
| #define HAVE_STRING_H 1
| #define HAVE_MEMORY_H 1
| #define HAVE_STRINGS_H 1
| #define HAVE_INTTYPES_H 1
| #define HAVE_STDINT_H 1
| #define HAVE_UNISTD_H 1
| #define __EXTENSIONS__ 1
| #define _ALL_SOURCE 1
| #define _GNU_SOURCE 1
| #define _POSIX_PTHREAD_SEMANTICS 1
| #define _TANDEM_SOURCE 1
| #define STDC_HEADERS 1
| #define HAVE_STRING_H 1
| /* end confdefs.h.  */
| 
| int
| main ()
| {
| #if __GNUC__ < 2  || __GNUC_MINOR__ < 8
| 		/* gcc */
| 		error
| 		#endif
| 		#if __GNUC_MINOR__ < 92
| 		/* egcs */
| 		int error;
| 		#endif
| 
|   ;
|   return 0;
| }
configure:5110: result: no
configure:5225: checking if C++ libraries work without any namespace
configure:5241: g++ -c -g -O2  conftest.cpp >&5
conftest.cpp: In function 'int main()':
conftest.cpp:31:1: error: 'cout' was not declared in this scope
 cout.fail();
 ^~~~
conftest.cpp:31:1: note: suggested alternative:
In file included from conftest.cpp:26:
/usr/include/c++/8/iostream:61:18: note:   'std::cout'
   extern ostream cout;  /// Linked to standard output
                  ^~~~
configure:5241: $? = 1
configure: failed program was:
| /* confdefs.h */
| #define PACKAGE_NAME ""
| #define PACKAGE_TARNAME ""
| #define PACKAGE_VERSION ""
| #define PACKAGE_STRING ""
| #define PACKAGE_BUGREPORT ""
| #define PACKAGE_URL ""
| #define STDC_HEADERS 1
| #define HAVE_SYS_TYPES_H 1
| #define HAVE_SYS_STAT_H 1
| #define HAVE_STDLIB_H 1
| #define HAVE_STRING_H 1
| #define HAVE_MEMORY_H 1
| #define HAVE_STRINGS_H 1
| #define HAVE_INTTYPES_H 1
| #define HAVE_STDINT_H 1
| #define HAVE_UNISTD_H 1
| #define __EXTENSIONS__ 1
| #define _ALL_SOURCE 1
| #define _GNU_SOURCE 1
| #define _POSIX_PTHREAD_SEMANTICS 1
| #define _TANDEM_SOURCE 1
| #define STDC_HEADERS 1
| #define HAVE_STRING_H 1
| /* end confdefs.h.  */
| #include <iostream>
| 
| int
| main ()
| {
| cout.fail();
| 
|   ;
|   return 0;
| }
configure:5247: result: no
configure:5255: checking if C++ libraries work with namespace std
configure:5271: g++ -c -g -O2  conftest.cpp >&5
configure:5271: $? = 0
configure:5272: result: yes
configure:5286: checking if STL works without any namespace
configure:5301: g++ -c -g -O2  conftest.cpp >&5
conftest.cpp: In function 'int main()':
conftest.cpp:31:1: error: 'list' was not declared in this scope
 list<int> test;
 ^~~~
conftest.cpp:31:1: note: suggested alternative:
In file included from /usr/include/c++/8/list:63,
                 from conftest.cpp:26:
/usr/include/c++/8/bits/stl_list.h:563:11: note:   'std::__cxx11::list'
     class list : protected _List_base<_Tp, _Alloc>
           ^~~~
conftest.cpp:31:6: error: expected primary-expression before 'int'
 list<int> test;
      ^~~
configure:5301: $? = 1
configure: failed program was:
| /* confdefs.h */
| #define PACKAGE_NAME ""
| #define PACKAGE_TARNAME ""
| #define PACKAGE_VERSION ""
| #define PACKAGE_STRING ""
| #define PACKAGE_BUGREPORT ""
| #define PACKAGE_URL ""
| #define STDC_HEADERS 1
| #define HAVE_SYS_TYPES_H 1
| #define HAVE_SYS_STAT_H 1
| #define HAVE_STDLIB_H 1
| #define HAVE_STRING_H 1
| #define HAVE_MEMORY_H 1
| #define HAVE_STRINGS_H 1
| #define HAVE_INTTYPES_H 1
| #define HAVE_STDINT_H 1
| #define HAVE_UNISTD_H 1
| #define __EXTENSIONS__ 1
| #define _ALL_SOURCE 1
| #define _GNU_SOURCE 1
| #define _POSIX_PTHREAD_SEMANTICS 1
| #define _TANDEM_SOURCE 1
| #define STDC_HEADERS 1
| #define HAVE_STRING_H 1
| /* end confdefs.h.  */
| #include <list>
| 
| int
| main ()
| {
| list<int> test;
| 
|   ;
|   return 0;
| }
configure:5307: result: no
configure:5315: checking if STL works with namespace std
configure:5331: g++ -c -g -O2  conftest.cpp >&5
configure:5331: $? = 0
configure:5332: result: yes
configure:5382: checking should use STL
configure:5406: result: yes
configure:5643: checking for tcl.h
configure:5694: result: -I../include
configure:5700: checking for tclInt.h
configure:5751: result: -I../include
configure:5757: checking for libtcl8.5
configure:5819: result: -L../lib -ltcl8.5
configure:5825: checking for init.tcl
configure:5862: result: ../lib/tcl8.5
configure:5880: checking for http.tcl
configure:5917: result: ../lib/tcl8.5/http1.0
configure:5922: checking Tcl http.tcl library
configure:5926: result: yes
configure:5947: checking for tclsh8.5.17
configure:5980: result: no
configure:5947: checking for tclsh8.5
configure:5965: found ../bin/tclsh8.5
configure:5977: result: ../bin/tclsh8.5
configure:6208: checking for tk.h
configure:6259: result: -I../include
configure:6265: checking for libtk8.5
configure:6327: result: -L../lib -ltk8.5
configure:6333: checking for tk.tcl
configure:6370: result: ../lib/tk8.5
configure:6458: checking for otcl.h
configure:6509: result: -I../otcl-1.14
configure:6515: checking for libotcl1.14
configure:6577: result: -L../otcl-1.14 -lotcl
configure:6690: checking for tclcl.h
configure:6741: result: -I../tclcl-1.20
configure:6747: checking for libtclcl
configure:6809: result: -L../tclcl-1.20 -ltclcl
configure:6815: checking for tcl2c++
configure:6852: result: ../tclcl-1.20
configure:7038: gcc -E  conftest.c
configure:7038: $? = 0
configure:7064: checking for XOpenDisplay in -lX11
configure:7089: gcc -o conftest -g -O2   conftest.c -lX11   >&5
configure:7089: $? = 0
configure:7098: result: yes
configure:7124: checking for XShmAttach in -lXext
configure:7149: gcc -o conftest -g -O2   conftest.c -lXext -lX11  >&5
configure:7149: $? = 0
configure:7158: result: yes
configure:7229: checking for libtcldbg
configure:7272: result: no
configure:7371: checking dmalloc
configure:7373: result: not requested with --with-dmalloc
configure:7637: checking for perl
configure:7674: result: /usr/bin
/usr/bin/perl -e require 5.002
configure:7779: checking for ANSI C header files
configure:7883: result: yes
configure:7895: checking arpa/inet.h usability
configure:7895: gcc -c -g -O2  conftest.c >&5
configure:7895: $? = 0
configure:7895: result: yes
configure:7895: checking arpa/inet.h presence
configure:7895: gcc -E  conftest.c
configure:7895: $? = 0
configure:7895: result: yes
configure:7895: checking for arpa/inet.h
configure:7895: result: yes
configure:7895: checking fenv.h usability
configure:7895: gcc -c -g -O2  conftest.c >&5
configure:7895: $? = 0
configure:7895: result: yes
configure:7895: checking fenv.h presence
configure:7895: gcc -E  conftest.c
configure:7895: $? = 0
configure:7895: result: yes
configure:7895: checking for fenv.h
configure:7895: result: yes
configure:7895: checking netinet/in.h usability
configure:7895: gcc -c -g -O2  conftest.c >&5
configure:7895: $? = 0
configure:7895: result: yes
configure:7895: checking netinet/in.h presence
configure:7895: gcc -E  conftest.c
configure:7895: $? = 0
configure:7895: result: yes
configure:7895: checking for netinet/in.h
configure:7895: result: yes
configure:7895: checking for string.h
configure:7895: result: yes
configure:7895: checking for strings.h
configure:7895: result: yes
configure:7895: checking time.h usability
configure:7895: gcc -c -g -O2  conftest.c >&5
configure:7895: $? = 0
configure:7895: result: yes
configure:7895: checking time.h presence
configure:7895: gcc -E  conftest.c
configure:7895: $? = 0
configure:7895: result: yes
configure:7895: checking for time.h
configure:7895: result: yes
configure:7895: checking for unistd.h
configure:7895: result: yes
configure:7895: checking net/ethernet.h usability
configure:7895: gcc -c -g -O2  conftest.c >&5
configure:7895: $? = 0
configure:7895: result: yes
configure:7895: checking net/ethernet.h presence
configure:7895: gcc -E  conftest.c
configure:7895: $? = 0
configure:7895: result: yes
configure:7895: checking for net/ethernet.h
configure:7895: result: yes
configure:7905: checking for main in -lm
configure:7924: gcc -o conftest -g -O2   conftest.c -lm   >&5
configure:7924: $? = 0
configure:7933: result: yes
configure:7949: checking for bcopy
configure:7949: gcc -o conftest -g -O2   conftest.c -lm  >&5
conftest.c:69:6: warning: conflicting types for built-in function 'bcopy' [-Wbuiltin-declaration-mismatch]
 char bcopy ();
      ^~~~~
configure:7949: $? = 0
configure:7949: result: yes
configure:7949: checking for bzero
configure:7949: gcc -o conftest -g -O2   conftest.c -lm  >&5
conftest.c:70:6: warning: conflicting types for built-in function 'bzero' [-Wbuiltin-declaration-mismatch]
 char bzero ();
      ^~~~~
configure:7949: $? = 0
configure:7949: result: yes
configure:7949: checking for fesetprecision
configure:7949: gcc -o conftest -g -O2   conftest.c -lm  >&5
/usr/bin/ld: /tmp/ccYJ0Mkm.o: in function `main':
/home/christen/build/ns-allinone-2.36.rc1/ns-2.36.rc1/conftest.c:82: undefined reference to `fesetprecision'
collect2: error: ld returned 1 exit status
configure:7949: $? = 1
configure: failed program was:
| /* confdefs.h */
| #define PACKAGE_NAME ""
| #define PACKAGE_TARNAME ""
| #define PACKAGE_VERSION ""
| #define PACKAGE_STRING ""
| #define PACKAGE_BUGREPORT ""
| #define PACKAGE_URL ""
| #define STDC_HEADERS 1
| #define HAVE_SYS_TYPES_H 1
| #define HAVE_SYS_STAT_H 1
| #define HAVE_STDLIB_H 1
| #define HAVE_STRING_H 1
| #define HAVE_MEMORY_H 1
| #define HAVE_STRINGS_H 1
| #define HAVE_INTTYPES_H 1
| #define HAVE_STDINT_H 1
| #define HAVE_UNISTD_H 1
| #define __EXTENSIONS__ 1
| #define _ALL_SOURCE 1
| #define _GNU_SOURCE 1
| #define _POSIX_PTHREAD_SEMANTICS 1
| #define _TANDEM_SOURCE 1
| #define STDC_HEADERS 1
| #define HAVE_STRING_H 1
| #define HAVE_STL 1
| #define HAVE_TCL_H 1
| #define HAVE_TCLINT_H 1
| #define HAVE_LIBTCL8_5 1
| #define HAVE_TK_H 1
| #define HAVE_LIBTK8_5 1
| #define HAVE_OTCL_H 1
| #define HAVE_LIBOTCL1_14 1
| #define HAVE_TCLCL_H 1
| #define HAVE_LIBTCLCL 1
| #define STDC_HEADERS 1
| #define HAVE_ARPA_INET_H 1
| #define HAVE_FENV_H 1
| #define HAVE_NETINET_IN_H 1
| #define HAVE_STRING_H 1
| #define HAVE_STRINGS_H 1
| #define HAVE_TIME_H 1
| #define HAVE_UNISTD_H 1
| #define HAVE_NET_ETHERNET_H 1
| #define HAVE_LIBM 1
| #define HAVE_BCOPY 1
| #define HAVE_BZERO 1
| /* end confdefs.h.  */
| /* Define fesetprecision to an innocuous variant, in case <limits.h> declares fesetprecision.
|    For example, HP-UX 11i <limits.h> declares gettimeofday.  */
| #define fesetprecision innocuous_fesetprecision
| 
| /* System header to define __stub macros and hopefully few prototypes,
|     which can conflict with char fesetprecision (); below.
|     Prefer <limits.h> to <assert.h> if __STDC__ is defined, since
|     <limits.h> exists even on freestanding compilers.  */
| 
| #ifdef __STDC__
| # include <limits.h>
| #else
| # include <assert.h>
| #endif
| 
| #undef fesetprecision
| 
| /* Override any GCC internal prototype to avoid an error.
|    Use char because int might match the return type of a GCC
|    builtin and then its argument prototype would still apply.  */
| #ifdef __cplusplus
| extern "C"
| #endif
| char fesetprecision ();
| /* The GNU C library defines this for functions which it implements
|     to always fail with ENOSYS.  Some functions are actually named
|     something starting with __ and the normal name is an alias.  */
| #if defined __stub_fesetprecision || defined __stub___fesetprecision
| choke me
| #endif
| 
| int
| main ()
| {
| return fesetprecision ();
|   ;
|   return 0;
| }
configure:7949: result: no
configure:7949: checking for feenableexcept
configure:7949: gcc -o conftest -g -O2   conftest.c -lm  >&5
configure:7949: $? = 0
configure:7949: result: yes
configure:7949: checking for getrusage
configure:7949: gcc -o conftest -g -O2   conftest.c -lm  >&5
configure:7949: $? = 0
configure:7949: result: yes
configure:7949: checking for sbrk
configure:7949: gcc -o conftest -g -O2   conftest.c -lm  >&5
configure:7949: $? = 0
configure:7949: result: yes
configure:7949: checking for snprintf
configure:7949: gcc -o conftest -g -O2   conftest.c -lm  >&5
conftest.c:74:6: warning: conflicting types for built-in function 'snprintf' [-Wbuiltin-declaration-mismatch]
 char snprintf ();
      ^~~~~~~~
configure:7949: $? = 0
configure:7949: result: yes
configure:7959: checking return type of random
configure:7977: gcc -o conftest -g -O2   conftest.c -lm  >&5
conftest.c:55:1: warning: return type defaults to 'int' [-Wimplicit-int]
 main() { exit(0); }
 ^~~~
configure:7977: $? = 0
configure:7977: ./conftest
configure:7977: $? = 0
configure:7978: result: long
configure:7995: checking for int8_t
configure:7995: gcc -c -g -O2  conftest.c >&5
configure:7995: $? = 0
configure:7995: gcc -c -g -O2  conftest.c >&5
conftest.c: In function 'main':
conftest.c:89:21: error: expected expression before ')' token
 if (sizeof ((int8_t)))
                     ^
configure:7995: $? = 1
configure: failed program was:
| /* confdefs.h */
| #define PACKAGE_NAME ""
| #define PACKAGE_TARNAME ""
| #define PACKAGE_VERSION ""
| #define PACKAGE_STRING ""
| #define PACKAGE_BUGREPORT ""
| #define PACKAGE_URL ""
| #define STDC_HEADERS 1
| #define HAVE_SYS_TYPES_H 1
| #define HAVE_SYS_STAT_H 1
| #define HAVE_STDLIB_H 1
| #define HAVE_STRING_H 1
| #define HAVE_MEMORY_H 1
| #define HAVE_STRINGS_H 1
| #define HAVE_INTTYPES_H 1
| #define HAVE_STDINT_H 1
| #define HAVE_UNISTD_H 1
| #define __EXTENSIONS__ 1
| #define _ALL_SOURCE 1
| #define _GNU_SOURCE 1
| #define _POSIX_PTHREAD_SEMANTICS 1
| #define _TANDEM_SOURCE 1
| #define STDC_HEADERS 1
| #define HAVE_STRING_H 1
| #define HAVE_STL 1
| #define HAVE_TCL_H 1
| #define HAVE_TCLINT_H 1
| #define HAVE_LIBTCL8_5 1
| #define HAVE_TK_H 1
| #define HAVE_LIBTK8_5 1
| #define HAVE_OTCL_H 1
| #define HAVE_LIBOTCL1_14 1
| #define HAVE_TCLCL_H 1
| #define HAVE_LIBTCLCL 1
| #define STDC_HEADERS 1
| #define HAVE_ARPA_INET_H 1
| #define HAVE_FENV_H 1
| #define HAVE_NETINET_IN_H 1
| #define HAVE_STRING_H 1
| #define HAVE_STRINGS_H 1
| #define HAVE_TIME_H 1
| #define HAVE_UNISTD_H 1
| #define HAVE_NET_ETHERNET_H 1
| #define HAVE_LIBM 1
| #define HAVE_BCOPY 1
| #define HAVE_BZERO 1
| #define HAVE_FEENABLEEXCEPT 1
| #define HAVE_GETRUSAGE 1
| #define HAVE_SBRK 1
| #define HAVE_SNPRINTF 1
| #define RANDOM_RETURN_TYPE long
| /* end confdefs.h.  */
| #include <stdio.h>
| #ifdef HAVE_SYS_TYPES_H
| # include <sys/types.h>
| #endif
| #ifdef HAVE_SYS_STAT_H
| # include <sys/stat.h>
| #endif
| #ifdef STDC_HEADERS
| # include <stdlib.h>
| # include <stddef.h>
| #else
| # ifdef HAVE_STDLIB_H
| #  include <stdlib.h>
| # endif
| #endif
| #ifdef HAVE_STRING_H
| # if !defined STDC_HEADERS && defined HAVE_MEMORY_H
| #  include <memory.h>
| # endif
| # include <string.h>
| #endif
| #ifdef HAVE_STRINGS_H
| # include <strings.h>
| #endif
| #ifdef HAVE_INTTYPES_H
| # include <inttypes.h>
| #endif
| #ifdef HAVE_STDINT_H
| # include <stdint.h>
| #endif
| #ifdef HAVE_UNISTD_H
| # include <unistd.h>
| #endif
| int
| main ()
| {
| if (sizeof ((int8_t)))
| 	    return 0;
|   ;
|   return 0;
| }
configure:7995: result: yes
configure:8006: checking for int16_t
configure:8006: gcc -c -g -O2  conftest.c >&5
configure:8006: $? = 0
configure:8006: gcc -c -g -O2  conftest.c >&5
conftest.c: In function 'main':
conftest.c:89:22: error: expected expression before ')' token
 if (sizeof ((int16_t)))
                      ^
configure:8006: $? = 1
configure: failed program was:
| /* confdefs.h */
| #define PACKAGE_NAME ""
| #define PACKAGE_TARNAME ""
| #define PACKAGE_VERSION ""
| #define PACKAGE_STRING ""
| #define PACKAGE_BUGREPORT ""
| #define PACKAGE_URL ""
| #define STDC_HEADERS 1
| #define HAVE_SYS_TYPES_H 1
| #define HAVE_SYS_STAT_H 1
| #define HAVE_STDLIB_H 1
| #define HAVE_STRING_H 1
| #define HAVE_MEMORY_H 1
| #define HAVE_STRINGS_H 1
| #define HAVE_INTTYPES_H 1
| #define HAVE_STDINT_H 1
| #define HAVE_UNISTD_H 1
| #define __EXTENSIONS__ 1
| #define _ALL_SOURCE 1
| #define _GNU_SOURCE 1
| #define _POSIX_PTHREAD_SEMANTICS 1
| #define _TANDEM_SOURCE 1
| #define STDC_HEADERS 1
| #define HAVE_STRING_H 1
| #define HAVE_STL 1
| #define HAVE_TCL_H 1
| #define HAVE_TCLINT_H 1
| #define HAVE_LIBTCL8_5 1
| #define HAVE_TK_H 1
| #define HAVE_LIBTK8_5 1
| #define HAVE_OTCL_H 1
| #define HAVE_LIBOTCL1_14 1
| #define HAVE_TCLCL_H 1
| #define HAVE_LIBTCLCL 1
| #define STDC_HEADERS 1
| #define HAVE_ARPA_INET_H 1
| #define HAVE_FENV_H 1
| #define HAVE_NETINET_IN_H 1
| #define HAVE_STRING_H 1
| #define HAVE_STRINGS_H 1
| #define HAVE_TIME_H 1
| #define HAVE_UNISTD_H 1
| #define HAVE_NET_ETHERNET_H 1
| #define HAVE_LIBM 1
| #define HAVE_BCOPY 1
| #define HAVE_BZERO 1
| #define HAVE_FEENABLEEXCEPT 1
| #define HAVE_GETRUSAGE 1
| #define HAVE_SBRK 1
| #define HAVE_SNPRINTF 1
| #define RANDOM_RETURN_TYPE long
| /* end confdefs.h.  */
| #include <stdio.h>
| #ifdef HAVE_SYS_TYPES_H
| # include <sys/types.h>
| #endif
| #ifdef HAVE_SYS_STAT_H
| # include <sys/stat.h>
| #endif
| #ifdef STDC_HEADERS
| # include <stdlib.h>
| # include <stddef.h>
| #else
| # ifdef HAVE_STDLIB_H
| #  include <stdlib.h>
| # endif
| #endif
| #ifdef HAVE_STRING_H
| # if !defined STDC_HEADERS && defined HAVE_MEMORY_H
| #  include <memory.h>
| # endif
| # include <string.h>
| #endif
| #ifdef HAVE_STRINGS_H
| # include <strings.h>
| #endif
| #ifdef HAVE_INTTYPES_H
| # include <inttypes.h>
| #endif
| #ifdef HAVE_STDINT_H
| # include <stdint.h>
| #endif
| #ifdef HAVE_UNISTD_H
| # include <unistd.h>
| #endif
| int
| main ()
| {
| if (sizeof ((int16_t)))
| 	    return 0;
|   ;
|   return 0;
| }
configure:8006: result: yes
configure:8017: checking for int32_t
configure:8017: gcc -c -g -O2  conftest.c >&5
configure:8017: $? = 0
configure:8017: gcc -c -g -O2  conftest.c >&5
conftest.c: In function 'main':
conftest.c:89:22: error: expected expression before ')' token
 if (sizeof ((int32_t)))
                      ^
configure:8017: $? = 1
configure: failed program was:
| /* confdefs.h */
| #define PACKAGE_NAME ""
| #define PACKAGE_TARNAME ""
| #define PACKAGE_VERSION ""
| #define PACKAGE_STRING ""
| #define PACKAGE_BUGREPORT ""
| #define PACKAGE_URL ""
| #define STDC_HEADERS 1
| #define HAVE_SYS_TYPES_H 1
| #define HAVE_SYS_STAT_H 1
| #define HAVE_STDLIB_H 1
| #define HAVE_STRING_H 1
| #define HAVE_MEMORY_H 1
| #define HAVE_STRINGS_H 1
| #define HAVE_INTTYPES_H 1
| #define HAVE_STDINT_H 1
| #define HAVE_UNISTD_H 1
| #define __EXTENSIONS__ 1
| #define _ALL_SOURCE 1
| #define _GNU_SOURCE 1
| #define _POSIX_PTHREAD_SEMANTICS 1
| #define _TANDEM_SOURCE 1
| #define STDC_HEADERS 1
| #define HAVE_STRING_H 1
| #define HAVE_STL 1
| #define HAVE_TCL_H 1
| #define HAVE_TCLINT_H 1
| #define HAVE_LIBTCL8_5 1
| #define HAVE_TK_H 1
| #define HAVE_LIBTK8_5 1
| #define HAVE_OTCL_H 1
| #define HAVE_LIBOTCL1_14 1
| #define HAVE_TCLCL_H 1
| #define HAVE_LIBTCLCL 1
| #define STDC_HEADERS 1
| #define HAVE_ARPA_INET_H 1
| #define HAVE_FENV_H 1
| #define HAVE_NETINET_IN_H 1
| #define HAVE_STRING_H 1
| #define HAVE_STRINGS_H 1
| #define HAVE_TIME_H 1
| #define HAVE_UNISTD_H 1
| #define HAVE_NET_ETHERNET_H 1
| #define HAVE_LIBM 1
| #define HAVE_BCOPY 1
| #define HAVE_BZERO 1
| #define HAVE_FEENABLEEXCEPT 1
| #define HAVE_GETRUSAGE 1
| #define HAVE_SBRK 1
| #define HAVE_SNPRINTF 1
| #define RANDOM_RETURN_TYPE long
| /* end confdefs.h.  */
| #include <stdio.h>
| #ifdef HAVE_SYS_TYPES_H
| # include <sys/types.h>
| #endif
| #ifdef HAVE_SYS_STAT_H
| # include <sys/stat.h>
| #endif
| #ifdef STDC_HEADERS
| # include <stdlib.h>
| # include <stddef.h>
| #else
| # ifdef HAVE_STDLIB_H
| #  include <stdlib.h>
| # endif
| #endif
| #ifdef HAVE_STRING_H
| # if !defined STDC_HEADERS && defined HAVE_MEMORY_H
| #  include <memory.h>
| # endif
| # include <string.h>
| #endif
| #ifdef HAVE_STRINGS_H
| # include <strings.h>
| #endif
| #ifdef HAVE_INTTYPES_H
| # include <inttypes.h>
| #endif
| #ifdef HAVE_STDINT_H
| # include <stdint.h>
| #endif
| #ifdef HAVE_UNISTD_H
| # include <unistd.h>
| #endif
| int
| main ()
| {
| if (sizeof ((int32_t)))
| 	    return 0;
|   ;
|   return 0;
| }
configure:8017: result: yes
configure:8028: checking for u_int8_t
configure:8028: gcc -c -g -O2  conftest.c >&5
configure:8028: $? = 0
configure:8028: gcc -c -g -O2  conftest.c >&5
conftest.c: In function 'main':
conftest.c:89:23: error: expected expression before ')' token
 if (sizeof ((u_int8_t)))
                       ^
configure:8028: $? = 1
configure: failed program was:
| /* confdefs.h */
| #define PACKAGE_NAME ""
| #define PACKAGE_TARNAME ""
| #define PACKAGE_VERSION ""
| #define PACKAGE_STRING ""
| #define PACKAGE_BUGREPORT ""
| #define PACKAGE_URL ""
| #define STDC_HEADERS 1
| #define HAVE_SYS_TYPES_H 1
| #define HAVE_SYS_STAT_H 1
| #define HAVE_STDLIB_H 1
| #define HAVE_STRING_H 1
| #define HAVE_MEMORY_H 1
| #define HAVE_STRINGS_H 1
| #define HAVE_INTTYPES_H 1
| #define HAVE_STDINT_H 1
| #define HAVE_UNISTD_H 1
| #define __EXTENSIONS__ 1
| #define _ALL_SOURCE 1
| #define _GNU_SOURCE 1
| #define _POSIX_PTHREAD_SEMANTICS 1
| #define _TANDEM_SOURCE 1
| #define STDC_HEADERS 1
| #define HAVE_STRING_H 1
| #define HAVE_STL 1
| #define HAVE_TCL_H 1
| #define HAVE_TCLINT_H 1
| #define HAVE_LIBTCL8_5 1
| #define HAVE_TK_H 1
| #define HAVE_LIBTK8_5 1
| #define HAVE_OTCL_H 1
| #define HAVE_LIBOTCL1_14 1
| #define HAVE_TCLCL_H 1
| #define HAVE_LIBTCLCL 1
| #define STDC_HEADERS 1
| #define HAVE_ARPA_INET_H 1
| #define HAVE_FENV_H 1
| #define HAVE_NETINET_IN_H 1
| #define HAVE_STRING_H 1
| #define HAVE_STRINGS_H 1
| #define HAVE_TIME_H 1
| #define HAVE_UNISTD_H 1
| #define HAVE_NET_ETHERNET_H 1
| #define HAVE_LIBM 1
| #define HAVE_BCOPY 1
| #define HAVE_BZERO 1
| #define HAVE_FEENABLEEXCEPT 1
| #define HAVE_GETRUSAGE 1
| #define HAVE_SBRK 1
| #define HAVE_SNPRINTF 1
| #define RANDOM_RETURN_TYPE long
| /* end confdefs.h.  */
| #include <stdio.h>
| #ifdef HAVE_SYS_TYPES_H
| # include <sys/types.h>
| #endif
| #ifdef HAVE_SYS_STAT_H
| # include <sys/stat.h>
| #endif
| #ifdef STDC_HEADERS
| # include <stdlib.h>
| # include <stddef.h>
| #else
| # ifdef HAVE_STDLIB_H
| #  include <stdlib.h>
| # endif
| #endif
| #ifdef HAVE_STRING_H
| # if !defined STDC_HEADERS && defined HAVE_MEMORY_H
| #  include <memory.h>
| # endif
| # include <string.h>
| #endif
| #ifdef HAVE_STRINGS_H
| # include <strings.h>
| #endif
| #ifdef HAVE_INTTYPES_H
| # include <inttypes.h>
| #endif
| #ifdef HAVE_STDINT_H
| # include <stdint.h>
| #endif
| #ifdef HAVE_UNISTD_H
| # include <unistd.h>
| #endif
| int
| main ()
| {
| if (sizeof ((u_int8_t)))
| 	    return 0;
|   ;
|   return 0;
| }
configure:8028: result: yes
configure:8039: checking for u_int16_t
configure:8039: gcc -c -g -O2  conftest.c >&5
configure:8039: $? = 0
configure:8039: gcc -c -g -O2  conftest.c >&5
conftest.c: In function 'main':
conftest.c:89:24: error: expected expression before ')' token
 if (sizeof ((u_int16_t)))
                        ^
configure:8039: $? = 1
configure: failed program was:
| /* confdefs.h */
| #define PACKAGE_NAME ""
| #define PACKAGE_TARNAME ""
| #define PACKAGE_VERSION ""
| #define PACKAGE_STRING ""
| #define PACKAGE_BUGREPORT ""
| #define PACKAGE_URL ""
| #define STDC_HEADERS 1
| #define HAVE_SYS_TYPES_H 1
| #define HAVE_SYS_STAT_H 1
| #define HAVE_STDLIB_H 1
| #define HAVE_STRING_H 1
| #define HAVE_MEMORY_H 1
| #define HAVE_STRINGS_H 1
| #define HAVE_INTTYPES_H 1
| #define HAVE_STDINT_H 1
| #define HAVE_UNISTD_H 1
| #define __EXTENSIONS__ 1
| #define _ALL_SOURCE 1
| #define _GNU_SOURCE 1
| #define _POSIX_PTHREAD_SEMANTICS 1
| #define _TANDEM_SOURCE 1
| #define STDC_HEADERS 1
| #define HAVE_STRING_H 1
| #define HAVE_STL 1
| #define HAVE_TCL_H 1
| #define HAVE_TCLINT_H 1
| #define HAVE_LIBTCL8_5 1
| #define HAVE_TK_H 1
| #define HAVE_LIBTK8_5 1
| #define HAVE_OTCL_H 1
| #define HAVE_LIBOTCL1_14 1
| #define HAVE_TCLCL_H 1
| #define HAVE_LIBTCLCL 1
| #define STDC_HEADERS 1
| #define HAVE_ARPA_INET_H 1
| #define HAVE_FENV_H 1
| #define HAVE_NETINET_IN_H 1
| #define HAVE_STRING_H 1
| #define HAVE_STRINGS_H 1
| #define HAVE_TIME_H 1
| #define HAVE_UNISTD_H 1
| #define HAVE_NET_ETHERNET_H 1
| #define HAVE_LIBM 1
| #define HAVE_BCOPY 1
| #define HAVE_BZERO 1
| #define HAVE_FEENABLEEXCEPT 1
| #define HAVE_GETRUSAGE 1
| #define HAVE_SBRK 1
| #define HAVE_SNPRINTF 1
| #define RANDOM_RETURN_TYPE long
| /* end confdefs.h.  */
| #include <stdio.h>
| #ifdef HAVE_SYS_TYPES_H
| # include <sys/types.h>
| #endif
| #ifdef HAVE_SYS_STAT_H
| # include <sys/stat.h>
| #endif
| #ifdef STDC_HEADERS
| # include <stdlib.h>
| # include <stddef.h>
| #else
| # ifdef HAVE_STDLIB_H
| #  include <stdlib.h>
| # endif
| #endif
| #ifdef HAVE_STRING_H
| # if !defined STDC_HEADERS && defined HAVE_MEMORY_H
| #  include <memory.h>
| # endif
| # include <string.h>
| #endif
| #ifdef HAVE_STRINGS_H
| # include <strings.h>
| #endif
| #ifdef HAVE_INTTYPES_H
| # include <inttypes.h>
| #endif
| #ifdef HAVE_STDINT_H
| # include <stdint.h>
| #endif
| #ifdef HAVE_UNISTD_H
| # include <unistd.h>
| #endif
| int
| main ()
| {
| if (sizeof ((u_int16_t)))
| 	    return 0;
|   ;
|   return 0;
| }
configure:8039: result: yes
configure:8050: checking for u_int32_t
configure:8050: gcc -c -g -O2  conftest.c >&5
configure:8050: $? = 0
configure:8050: gcc -c -g -O2  conftest.c >&5
conftest.c: In function 'main':
conftest.c:89:24: error: expected expression before ')' token
 if (sizeof ((u_int32_t)))
                        ^
configure:8050: $? = 1
configure: failed program was:
| /* confdefs.h */
| #define PACKAGE_NAME ""
| #define PACKAGE_TARNAME ""
| #define PACKAGE_VERSION ""
| #define PACKAGE_STRING ""
| #define PACKAGE_BUGREPORT ""
| #define PACKAGE_URL ""
| #define STDC_HEADERS 1
| #define HAVE_SYS_TYPES_H 1
| #define HAVE_SYS_STAT_H 1
| #define HAVE_STDLIB_H 1
| #define HAVE_STRING_H 1
| #define HAVE_MEMORY_H 1
| #define HAVE_STRINGS_H 1
| #define HAVE_INTTYPES_H 1
| #define HAVE_STDINT_H 1
| #define HAVE_UNISTD_H 1
| #define __EXTENSIONS__ 1
| #define _ALL_SOURCE 1
| #define _GNU_SOURCE 1
| #define _POSIX_PTHREAD_SEMANTICS 1
| #define _TANDEM_SOURCE 1
| #define STDC_HEADERS 1
| #define HAVE_STRING_H 1
| #define HAVE_STL 1
| #define HAVE_TCL_H 1
| #define HAVE_TCLINT_H 1
| #define HAVE_LIBTCL8_5 1
| #define HAVE_TK_H 1
| #define HAVE_LIBTK8_5 1
| #define HAVE_OTCL_H 1
| #define HAVE_LIBOTCL1_14 1
| #define HAVE_TCLCL_H 1
| #define HAVE_LIBTCLCL 1
| #define STDC_HEADERS 1
| #define HAVE_ARPA_INET_H 1
| #define HAVE_FENV_H 1
| #define HAVE_NETINET_IN_H 1
| #define HAVE_STRING_H 1
| #define HAVE_STRINGS_H 1
| #define HAVE_TIME_H 1
| #define HAVE_UNISTD_H 1
| #define HAVE_NET_ETHERNET_H 1
| #define HAVE_LIBM 1
| #define HAVE_BCOPY 1
| #define HAVE_BZERO 1
| #define HAVE_FEENABLEEXCEPT 1
| #define HAVE_GETRUSAGE 1
| #define HAVE_SBRK 1
| #define HAVE_SNPRINTF 1
| #define RANDOM_RETURN_TYPE long
| /* end confdefs.h.  */
| #include <stdio.h>
| #ifdef HAVE_SYS_TYPES_H
| # include <sys/types.h>
| #endif
| #ifdef HAVE_SYS_STAT_H
| # include <sys/stat.h>
| #endif
| #ifdef STDC_HEADERS
| # include <stdlib.h>
| # include <stddef.h>
| #else
| # ifdef HAVE_STDLIB_H
| #  include <stdlib.h>
| # endif
| #endif
| #ifdef HAVE_STRING_H
| # if !defined STDC_HEADERS && defined HAVE_MEMORY_H
| #  include <memory.h>
| # endif
| # include <string.h>
| #endif
| #ifdef HAVE_STRINGS_H
| # include <strings.h>
| #endif
| #ifdef HAVE_INTTYPES_H
| # include <inttypes.h>
| #endif
| #ifdef HAVE_STDINT_H
| # include <stdint.h>
| #endif
| #ifdef HAVE_UNISTD_H
| # include <unistd.h>
| #endif
| int
| main ()
| {
| if (sizeof ((u_int32_t)))
| 	    return 0;
|   ;
|   return 0;
| }
configure:8050: result: yes
configure:8061: checking for u_char
configure:8061: gcc -c -g -O2  conftest.c >&5
configure:8061: $? = 0
configure:8061: gcc -c -g -O2  conftest.c >&5
conftest.c: In function 'main':
conftest.c:89:21: error: expected expression before ')' token
 if (sizeof ((u_char)))
                     ^
configure:8061: $? = 1
configure: failed program was:
| /* confdefs.h */
| #define PACKAGE_NAME ""
| #define PACKAGE_TARNAME ""
| #define PACKAGE_VERSION ""
| #define PACKAGE_STRING ""
| #define PACKAGE_BUGREPORT ""
| #define PACKAGE_URL ""
| #define STDC_HEADERS 1
| #define HAVE_SYS_TYPES_H 1
| #define HAVE_SYS_STAT_H 1
| #define HAVE_STDLIB_H 1
| #define HAVE_STRING_H 1
| #define HAVE_MEMORY_H 1
| #define HAVE_STRINGS_H 1
| #define HAVE_INTTYPES_H 1
| #define HAVE_STDINT_H 1
| #define HAVE_UNISTD_H 1
| #define __EXTENSIONS__ 1
| #define _ALL_SOURCE 1
| #define _GNU_SOURCE 1
| #define _POSIX_PTHREAD_SEMANTICS 1
| #define _TANDEM_SOURCE 1
| #define STDC_HEADERS 1
| #define HAVE_STRING_H 1
| #define HAVE_STL 1
| #define HAVE_TCL_H 1
| #define HAVE_TCLINT_H 1
| #define HAVE_LIBTCL8_5 1
| #define HAVE_TK_H 1
| #define HAVE_LIBTK8_5 1
| #define HAVE_OTCL_H 1
| #define HAVE_LIBOTCL1_14 1
| #define HAVE_TCLCL_H 1
| #define HAVE_LIBTCLCL 1
| #define STDC_HEADERS 1
| #define HAVE_ARPA_INET_H 1
| #define HAVE_FENV_H 1
| #define HAVE_NETINET_IN_H 1
| #define HAVE_STRING_H 1
| #define HAVE_STRINGS_H 1
| #define HAVE_TIME_H 1
| #define HAVE_UNISTD_H 1
| #define HAVE_NET_ETHERNET_H 1
| #define HAVE_LIBM 1
| #define HAVE_BCOPY 1
| #define HAVE_BZERO 1
| #define HAVE_FEENABLEEXCEPT 1
| #define HAVE_GETRUSAGE 1
| #define HAVE_SBRK 1
| #define HAVE_SNPRINTF 1
| #define RANDOM_RETURN_TYPE long
| /* end confdefs.h.  */
| #include <stdio.h>
| #ifdef HAVE_SYS_TYPES_H
| # include <sys/types.h>
| #endif
| #ifdef HAVE_SYS_STAT_H
| # include <sys/stat.h>
| #endif
| #ifdef STDC_HEADERS
| # include <stdlib.h>
| # include <stddef.h>
| #else
| # ifdef HAVE_STDLIB_H
| #  include <stdlib.h>
| # endif
| #endif
| #ifdef HAVE_STRING_H
| # if !defined STDC_HEADERS && defined HAVE_MEMORY_H
| #  include <memory.h>
| # endif
| # include <string.h>
| #endif
| #ifdef HAVE_STRINGS_H
| # include <strings.h>
| #endif
| #ifdef HAVE_INTTYPES_H
| # include <inttypes.h>
| #endif
| #ifdef HAVE_STDINT_H
| # include <stdint.h>
| #endif
| #ifdef HAVE_UNISTD_H
| # include <unistd.h>
| #endif
| int
| main ()
| {
| if (sizeof ((u_char)))
| 	    return 0;
|   ;
|   return 0;
| }
configure:8061: result: yes
configure:8072: checking for u_int
configure:8072: gcc -c -g -O2  conftest.c >&5
configure:8072: $? = 0
configure:8072: gcc -c -g -O2  conftest.c >&5
conftest.c: In function 'main':
conftest.c:89:20: error: expected expression before ')' token
 if (sizeof ((u_int)))
                    ^
configure:8072: $? = 1
configure: failed program was:
| /* confdefs.h */
| #define PACKAGE_NAME ""
| #define PACKAGE_TARNAME ""
| #define PACKAGE_VERSION ""
| #define PACKAGE_STRING ""
| #define PACKAGE_BUGREPORT ""
| #define PACKAGE_URL ""
| #define STDC_HEADERS 1
| #define HAVE_SYS_TYPES_H 1
| #define HAVE_SYS_STAT_H 1
| #define HAVE_STDLIB_H 1
| #define HAVE_STRING_H 1
| #define HAVE_MEMORY_H 1
| #define HAVE_STRINGS_H 1
| #define HAVE_INTTYPES_H 1
| #define HAVE_STDINT_H 1
| #define HAVE_UNISTD_H 1
| #define __EXTENSIONS__ 1
| #define _ALL_SOURCE 1
| #define _GNU_SOURCE 1
| #define _POSIX_PTHREAD_SEMANTICS 1
| #define _TANDEM_SOURCE 1
| #define STDC_HEADERS 1
| #define HAVE_STRING_H 1
| #define HAVE_STL 1
| #define HAVE_TCL_H 1
| #define HAVE_TCLINT_H 1
| #define HAVE_LIBTCL8_5 1
| #define HAVE_TK_H 1
| #define HAVE_LIBTK8_5 1
| #define HAVE_OTCL_H 1
| #define HAVE_LIBOTCL1_14 1
| #define HAVE_TCLCL_H 1
| #define HAVE_LIBTCLCL 1
| #define STDC_HEADERS 1
| #define HAVE_ARPA_INET_H 1
| #define HAVE_FENV_H 1
| #define HAVE_NETINET_IN_H 1
| #define HAVE_STRING_H 1
| #define HAVE_STRINGS_H 1
| #define HAVE_TIME_H 1
| #define HAVE_UNISTD_H 1
| #define HAVE_NET_ETHERNET_H 1
| #define HAVE_LIBM 1
| #define HAVE_BCOPY 1
| #define HAVE_BZERO 1
| #define HAVE_FEENABLEEXCEPT 1
| #define HAVE_GETRUSAGE 1
| #define HAVE_SBRK 1
| #define HAVE_SNPRINTF 1
| #define RANDOM_RETURN_TYPE long
| /* end confdefs.h.  */
| #include <stdio.h>
| #ifdef HAVE_SYS_TYPES_H
| # include <sys/types.h>
| #endif
| #ifdef HAVE_SYS_STAT_H
| # include <sys/stat.h>
| #endif
| #ifdef STDC_HEADERS
| # include <stdlib.h>
| # include <stddef.h>
| #else
| # ifdef HAVE_STDLIB_H
| #  include <stdlib.h>
| # endif
| #endif
| #ifdef HAVE_STRING_H
| # if !defined STDC_HEADERS && defined HAVE_MEMORY_H
| #  include <memory.h>
| # endif
| # include <string.h>
| #endif
| #ifdef HAVE_STRINGS_H
| # include <strings.h>
| #endif
| #ifdef HAVE_INTTYPES_H
| # include <inttypes.h>
| #endif
| #ifdef HAVE_STDINT_H
| # include <stdint.h>
| #endif
| #ifdef HAVE_UNISTD_H
| # include <unistd.h>
| #endif
| int
| main ()
| {
| if (sizeof ((u_int)))
| 	    return 0;
|   ;
|   return 0;
| }
configure:8072: result: yes
configure:8088: checking for strtoq
configure:8088: gcc -o conftest -g -O2   conftest.c -lm  >&5
configure:8088: $? = 0
configure:8088: result: yes
configure:8088: checking for strtoll
configure:8088: gcc -o conftest -g -O2   conftest.c -lm  >&5
configure:8088: $? = 0
configure:8088: result: yes
configure:8106: checking size of long
configure:8111: gcc -o conftest -g -O2   conftest.c -lm  >&5
configure:8111: $? = 0
configure:8111: ./conftest
configure:8111: $? = 0
configure:8125: result: 8
configure:8138: checking for strtol
configure:8138: gcc -o conftest -g -O2   conftest.c -lm  >&5
configure:8138: $? = 0
configure:8138: result: yes
configure:8145: checking for __int64_t
configure:8160: gcc -o conftest -g -O2   conftest.c -lm  >&5
conftest.c:57:1: warning: return type defaults to 'int' [-Wimplicit-int]
 main() { __int64_t x; exit (sizeof(x) >= 8 ? 0 : 1); }
 ^~~~
conftest.c: In function 'main':
conftest.c:57:10: error: unknown type name '__int64_t'; did you mean '__int128_t'?
 main() { __int64_t x; exit (sizeof(x) >= 8 ? 0 : 1); }
          ^~~~~~~~~
          __int128_t
conftest.c:57:23: warning: implicit declaration of function 'exit' [-Wimplicit-function-declaration]
 main() { __int64_t x; exit (sizeof(x) >= 8 ? 0 : 1); }
                       ^~~~
conftest.c:57:23: warning: incompatible implicit declaration of built-in function 'exit'
conftest.c:57:23: note: include '<stdlib.h>' or provide a declaration of 'exit'
conftest.c:1:1:
+#include <stdlib.h>
 /* confdefs.h */
conftest.c:57:23:
 main() { __int64_t x; exit (sizeof(x) >= 8 ? 0 : 1); }
                       ^~~~
configure:8160: $? = 1
configure: program exited with status 1
configure: failed program was:
| /* confdefs.h */
| #define PACKAGE_NAME ""
| #define PACKAGE_TARNAME ""
| #define PACKAGE_VERSION ""
| #define PACKAGE_STRING ""
| #define PACKAGE_BUGREPORT ""
| #define PACKAGE_URL ""
| #define STDC_HEADERS 1
| #define HAVE_SYS_TYPES_H 1
| #define HAVE_SYS_STAT_H 1
| #define HAVE_STDLIB_H 1
| #define HAVE_STRING_H 1
| #define HAVE_MEMORY_H 1
| #define HAVE_STRINGS_H 1
| #define HAVE_INTTYPES_H 1
| #define HAVE_STDINT_H 1
| #define HAVE_UNISTD_H 1
| #define __EXTENSIONS__ 1
| #define _ALL_SOURCE 1
| #define _GNU_SOURCE 1
| #define _POSIX_PTHREAD_SEMANTICS 1
| #define _TANDEM_SOURCE 1
| #define STDC_HEADERS 1
| #define HAVE_STRING_H 1
| #define HAVE_STL 1
| #define HAVE_TCL_H 1
| #define HAVE_TCLINT_H 1
| #define HAVE_LIBTCL8_5 1
| #define HAVE_TK_H 1
| #define HAVE_LIBTK8_5 1
| #define HAVE_OTCL_H 1
| #define HAVE_LIBOTCL1_14 1
| #define HAVE_TCLCL_H 1
| #define HAVE_LIBTCLCL 1
| #define STDC_HEADERS 1
| #define HAVE_ARPA_INET_H 1
| #define HAVE_FENV_H 1
| #define HAVE_NETINET_IN_H 1
| #define HAVE_STRING_H 1
| #define HAVE_STRINGS_H 1
| #define HAVE_TIME_H 1
| #define HAVE_UNISTD_H 1
| #define HAVE_NET_ETHERNET_H 1
| #define HAVE_LIBM 1
| #define HAVE_BCOPY 1
| #define HAVE_BZERO 1
| #define HAVE_FEENABLEEXCEPT 1
| #define HAVE_GETRUSAGE 1
| #define HAVE_SBRK 1
| #define HAVE_SNPRINTF 1
| #define RANDOM_RETURN_TYPE long
| #define HAVE_STRTOQ 1
| #define HAVE_STRTOLL 1
| #define SIZEOF_LONG 8
| /* end confdefs.h.  */
| 
| main() { __int64_t x; exit (sizeof(x) >= 8 ? 0 : 1); }
| 
configure:8170: result: no
configure:8176: checking for long long
configure:8191: gcc -o conftest -g -O2   conftest.c -lm  >&5
conftest.c:57:1: warning: return type defaults to 'int' [-Wimplicit-int]
 main() { long long x; exit (sizeof(x) >= 8 ? 0 : 1); }
 ^~~~
conftest.c: In function 'main':
conftest.c:57:23: warning: implicit declaration of function 'exit' [-Wimplicit-function-declaration]
 main() { long long x; exit (sizeof(x) >= 8 ? 0 : 1); }
                       ^~~~
conftest.c:57:23: warning: incompatible implicit declaration of built-in function 'exit'
conftest.c:57:23: note: include '<stdlib.h>' or provide a declaration of 'exit'
conftest.c:1:1:
+#include <stdlib.h>
 /* confdefs.h */
conftest.c:57:23:
 main() { long long x; exit (sizeof(x) >= 8 ? 0 : 1); }
                       ^~~~
configure:8191: $? = 0
configure:8191: ./conftest
configure:8191: $? = 0
configure:8201: result: yes
configure:8209: checking for int64_t
configure:8231: result: yes
configure:8242: checking which kind of 64-bit int to use
configure:8253: result: int64_t
configure:8326: checking system version (for dynamic loading)
configure:8346: result: Linux-5.0.7-050007-generic
configure:8354: checking for dlopen in -ldl
configure:8379: gcc -o conftest -g -O2   conftest.c -ldl  -lm  >&5
configure:8379: $? = 0
configure:8388: result: yes
configure:8804: checking dlfcn.h usability
configure:8804: gcc -c -g -O2  conftest.c >&5
configure:8804: $? = 0
configure:8804: result: yes
configure:8804: checking dlfcn.h presence
configure:8804: gcc -E  conftest.c
configure:8804: $? = 0
configure:8804: result: yes
configure:8804: checking for dlfcn.h
configure:8804: result: yes
configure:8812: checking for ns library name
configure:8815: result: libns.so
configure:8825: checking for struct ether_header
configure:8848: gcc -c -g -O2  conftest.c >&5
configure:8848: $? = 0
configure:8852: result: found
configure:8864: checking for struct ether_addr
configure:8887: gcc -c -g -O2  conftest.c >&5
configure:8887: $? = 0
configure:8891: result: found
configure:8905: checking for addr2ascii
configure:8905: gcc -o conftest -g -O2   -Wl,-export-dynamic conftest.c -lm  >&5
/usr/bin/ld: /tmp/ccYYS2Pz.o: in function `main':
/home/christen/build/ns-allinone-2.36.rc1/ns-2.36.rc1/conftest.c:93: undefined reference to `addr2ascii'
collect2: error: ld returned 1 exit status
configure:8905: $? = 1
configure: failed program was:
| /* confdefs.h */
| #define PACKAGE_NAME ""
| #define PACKAGE_TARNAME ""
| #define PACKAGE_VERSION ""
| #define PACKAGE_STRING ""
| #define PACKAGE_BUGREPORT ""
| #define PACKAGE_URL ""
| #define STDC_HEADERS 1
| #define HAVE_SYS_TYPES_H 1
| #define HAVE_SYS_STAT_H 1
| #define HAVE_STDLIB_H 1
| #define HAVE_STRING_H 1
| #define HAVE_MEMORY_H 1
| #define HAVE_STRINGS_H 1
| #define HAVE_INTTYPES_H 1
| #define HAVE_STDINT_H 1
| #define HAVE_UNISTD_H 1
| #define __EXTENSIONS__ 1
| #define _ALL_SOURCE 1
| #define _GNU_SOURCE 1
| #define _POSIX_PTHREAD_SEMANTICS 1
| #define _TANDEM_SOURCE 1
| #define STDC_HEADERS 1
| #define HAVE_STRING_H 1
| #define HAVE_STL 1
| #define HAVE_TCL_H 1
| #define HAVE_TCLINT_H 1
| #define HAVE_LIBTCL8_5 1
| #define HAVE_TK_H 1
| #define HAVE_LIBTK8_5 1
| #define HAVE_OTCL_H 1
| #define HAVE_LIBOTCL1_14 1
| #define HAVE_TCLCL_H 1
| #define HAVE_LIBTCLCL 1
| #define STDC_HEADERS 1
| #define HAVE_ARPA_INET_H 1
| #define HAVE_FENV_H 1
| #define HAVE_NETINET_IN_H 1
| #define HAVE_STRING_H 1
| #define HAVE_STRINGS_H 1
| #define HAVE_TIME_H 1
| #define HAVE_UNISTD_H 1
| #define HAVE_NET_ETHERNET_H 1
| #define HAVE_LIBM 1
| #define HAVE_BCOPY 1
| #define HAVE_BZERO 1
| #define HAVE_FEENABLEEXCEPT 1
| #define HAVE_GETRUSAGE 1
| #define HAVE_SBRK 1
| #define HAVE_SNPRINTF 1
| #define RANDOM_RETURN_TYPE long
| #define HAVE_STRTOQ 1
| #define HAVE_STRTOLL 1
| #define SIZEOF_LONG 8
| #define HAVE_INT64 1
| #define HAVE_ETHER_HEADER_STRUCT 1
| #define HAVE_ETHER_ADDRESS_STRUCT 1
| /* end confdefs.h.  */
| /* Define addr2ascii to an innocuous variant, in case <limits.h> declares addr2ascii.
|    For example, HP-UX 11i <limits.h> declares gettimeofday.  */
| #define addr2ascii innocuous_addr2ascii
| 
| /* System header to define __stub macros and hopefully few prototypes,
|     which can conflict with char addr2ascii (); below.
|     Prefer <limits.h> to <assert.h> if __STDC__ is defined, since
|     <limits.h> exists even on freestanding compilers.  */
| 
| #ifdef __STDC__
| # include <limits.h>
| #else
| # include <assert.h>
| #endif
| 
| #undef addr2ascii
| 
| /* Override any GCC internal prototype to avoid an error.
|    Use char because int might match the return type of a GCC
|    builtin and then its argument prototype would still apply.  */
| #ifdef __cplusplus
| extern "C"
| #endif
| char addr2ascii ();
| /* The GNU C library defines this for functions which it implements
|     to always fail with ENOSYS.  Some functions are actually named
|     something starting with __ and the normal name is an alias.  */
| #if defined __stub_addr2ascii || defined __stub___addr2ascii
| choke me
| #endif
| 
| int
| main ()
| {
| return addr2ascii ();
|   ;
|   return 0;
| }
configure:8905: result: no
configure:8930: gcc -o conftest -g -O2   -Wl,-export-dynamic conftest.c -lm  >&5
configure:8930: $? = 0
configure:8930: ./conftest
configure:8930: $? = 0
configure:8942: checking for Linux compliant tcphdr
configure:8966: gcc -c -g -O2  conftest.c >&5
configure:8966: $? = 0
configure:8969: result: found
configure:8981: checking for BSD compliant tcphdr
configure:9005: gcc -c -g -O2  conftest.c >&5
configure:9005: $? = 0
configure:9007: result: found
configure:9019: checking for socklen_t
configure:9037: gcc -c -g -O2  conftest.c >&5
configure:9037: $? = 0
configure:9045: result: yes
configure:9056: checking for main in -lpcap
configure:9075: gcc -o conftest -g -O2   -Wl,-export-dynamic conftest.c -lpcap  -lm  >&5
/usr/bin/ld: cannot find -lpcap
collect2: error: ld returned 1 exit status
configure:9075: $? = 1
configure: failed program was:
| /* confdefs.h */
| #define PACKAGE_NAME ""
| #define PACKAGE_TARNAME ""
| #define PACKAGE_VERSION ""
| #define PACKAGE_STRING ""
| #define PACKAGE_BUGREPORT ""
| #define PACKAGE_URL ""
| #define STDC_HEADERS 1
| #define HAVE_SYS_TYPES_H 1
| #define HAVE_SYS_STAT_H 1
| #define HAVE_STDLIB_H 1
| #define HAVE_STRING_H 1
| #define HAVE_MEMORY_H 1
| #define HAVE_STRINGS_H 1
| #define HAVE_INTTYPES_H 1
| #define HAVE_STDINT_H 1
| #define HAVE_UNISTD_H 1
| #define __EXTENSIONS__ 1
| #define _ALL_SOURCE 1
| #define _GNU_SOURCE 1
| #define _POSIX_PTHREAD_SEMANTICS 1
| #define _TANDEM_SOURCE 1
| #define STDC_HEADERS 1
| #define HAVE_STRING_H 1
| #define HAVE_STL 1
| #define HAVE_TCL_H 1
| #define HAVE_TCLINT_H 1
| #define HAVE_LIBTCL8_5 1
| #define HAVE_TK_H 1
| #define HAVE_LIBTK8_5 1
| #define HAVE_OTCL_H 1
| #define HAVE_LIBOTCL1_14 1
| #define HAVE_TCLCL_H 1
| #define HAVE_LIBTCLCL 1
| #define STDC_HEADERS 1
| #define HAVE_ARPA_INET_H 1
| #define HAVE_FENV_H 1
| #define HAVE_NETINET_IN_H 1
| #define HAVE_STRING_H 1
| #define HAVE_STRINGS_H 1
| #define HAVE_TIME_H 1
| #define HAVE_UNISTD_H 1
| #define HAVE_NET_ETHERNET_H 1
| #define HAVE_LIBM 1
| #define HAVE_BCOPY 1
| #define HAVE_BZERO 1
| #define HAVE_FEENABLEEXCEPT 1
| #define HAVE_GETRUSAGE 1
| #define HAVE_SBRK 1
| #define HAVE_SNPRINTF 1
| #define RANDOM_RETURN_TYPE long
| #define HAVE_STRTOQ 1
| #define HAVE_STRTOLL 1
| #define SIZEOF_LONG 8
| #define HAVE_INT64 1
| #define HAVE_ETHER_HEADER_STRUCT 1
| #define HAVE_ETHER_ADDRESS_STRUCT 1
| #define HAVE_SIOCGIFHWADDR 1
| #define HAVE_SOCKLEN_T 1
| /* end confdefs.h.  */
| 
| 
| int
| main ()
| {
| return main ();
|   ;
|   return 0;
| }
configure:9084: result: no
configure:9093: checking to make nse
configure:9101: result: no
configure:9149: checking for dlopen in -ldl
configure:9183: result: yes
configure:9268: checking system version (for system-dependent libraries)
configure:9288: result: Linux-5.0.7-050007-generic
configure:9383: checking for a BSD-compatible install
configure:9451: result: /usr/bin/install -c
configure:9580: creating ./config.status

## ---------------------- ##
## Running config.status. ##
## ---------------------- ##

This file was extended by config.status, which was
generated by GNU Autoconf 2.68.  Invocation command line was

  CONFIG_FILES    = 
  CONFIG_HEADERS  = 
  CONFIG_LINKS    = 
  CONFIG_COMMANDS = 
  $ ./config.status 

on 720S-13ARR

config.status:924: creating Makefile
config.status:924: creating tcl/lib/ns-autoconf.tcl
config.status:924: creating indep-utils/webtrace-conv/ucb/Makefile
config.status:924: creating indep-utils/webtrace-conv/dec/Makefile
config.status:924: creating indep-utils/webtrace-conv/nlanr/Makefile
config.status:924: creating indep-utils/webtrace-conv/epa/Makefile
config.status:924: creating indep-utils/cmu-scen-gen/setdest/Makefile
config.status:924: creating autoconf.h
config.status:1099: autoconf.h is unchanged

## ---------------- ##
## Cache variables. ##
## ---------------- ##

ac_cv_build=x86_64-unknown-linux-gnu
ac_cv_c_compiler_gnu=yes
ac_cv_cxx_compiler_gnu=yes
ac_cv_env_CCC_set=
ac_cv_env_CCC_value=
ac_cv_env_CC_set=
ac_cv_env_CC_value=
ac_cv_env_CFLAGS_set=
ac_cv_env_CFLAGS_value=
ac_cv_env_CPPFLAGS_set=
ac_cv_env_CPPFLAGS_value=
ac_cv_env_CPP_set=
ac_cv_env_CPP_value=
ac_cv_env_CXXFLAGS_set=
ac_cv_env_CXXFLAGS_value=
ac_cv_env_CXX_set=
ac_cv_env_CXX_value=
ac_cv_env_LDFLAGS_set=
ac_cv_env_LDFLAGS_value=
ac_cv_env_LIBS_set=
ac_cv_env_LIBS_value=
ac_cv_env_build_alias_set=
ac_cv_env_build_alias_value=
ac_cv_env_host_alias_set=
ac_cv_env_host_alias_value=
ac_cv_env_target_alias_set=
ac_cv_env_target_alias_value=
ac_cv_func_addr2ascii=no
ac_cv_func_bcopy=yes
ac_cv_func_bzero=yes
ac_cv_func_feenableexcept=yes
ac_cv_func_fesetprecision=no
ac_cv_func_getrusage=yes
ac_cv_func_sbrk=yes
ac_cv_func_snprintf=yes
ac_cv_func_strtol=yes
ac_cv_func_strtoll=yes
ac_cv_func_strtoq=yes
ac_cv_header_arpa_inet_h=yes
ac_cv_header_dlfcn_h=yes
ac_cv_header_fenv_h=yes
ac_cv_header_inttypes_h=yes
ac_cv_header_memory_h=yes
ac_cv_header_minix_config_h=no
ac_cv_header_net_ethernet_h=yes
ac_cv_header_netinet_in_h=yes
ac_cv_header_stdc=yes
ac_cv_header_stdint_h=yes
ac_cv_header_stdlib_h=yes
ac_cv_header_string_h=yes
ac_cv_header_strings_h=yes
ac_cv_header_sys_stat_h=yes
ac_cv_header_sys_types_h=yes
ac_cv_header_time_h=yes
ac_cv_header_unistd_h=yes
ac_cv_host=x86_64-unknown-linux-gnu
ac_cv_lib_X11_XOpenDisplay=yes
ac_cv_lib_Xbsd_main=no
ac_cv_lib_Xext_XShmAttach=yes
ac_cv_lib_dl_dlopen=yes
ac_cv_lib_dnet_stub_getnodebyname=no
ac_cv_lib_intl_dcgettext=no
ac_cv_lib_m_main=yes
ac_cv_lib_nsl_gethostbyname=yes
ac_cv_lib_pcap_main=no
ac_cv_lib_socket_socket=no
ac_cv_objext=o
ac_cv_path_EGREP='/bin/grep -E'
ac_cv_path_GREP=/bin/grep
ac_cv_path_V_TCLSH=../bin/tclsh8.5
ac_cv_path_install='/usr/bin/install -c'
ac_cv_prog_CPP='gcc -E'
ac_cv_prog_ac_ct_CC=gcc
ac_cv_prog_ac_ct_CXX=g++
ac_cv_prog_cc_c89=
ac_cv_prog_cc_g=yes
ac_cv_prog_cxx_g=yes
ac_cv_safe_to_define___extensions__=yes
ac_cv_sizeof_long=8
ac_cv_target=x86_64-unknown-linux-gnu
ac_cv_type_int16_t=yes
ac_cv_type_int32_t=yes
ac_cv_type_int64_t=yes
ac_cv_type_int8_t=yes
ac_cv_type_socklen_t=yes
ac_cv_type_u_char=yes
ac_cv_type_u_int16_t=yes
ac_cv_type_u_int32_t=yes
ac_cv_type_u_int8_t=yes
ac_cv_type_u_int=yes
nsnam_cv_int64_t_HAVE_LONG_LONG=yes
nsnam_cv_int64_t_HAVE___INT64_T=no

## ----------------- ##
## Output variables. ##
## ----------------- ##

CC='gcc'
CFLAGS='-g -O2'
CPP='gcc -E'
CPPFLAGS=''
CXX='g++'
CXXFLAGS='-g -O2'
DEFS='-DHAVE_CONFIG_H'
DL_LD_FLAGS='-rdynamic'
DL_LD_SEARCH_FLAGS=''
DL_LIBS='-ldl'
ECHO_C=''
ECHO_N='-n'
ECHO_T=''
EGREP='/bin/grep -E'
EXEEXT=''
GREP='/bin/grep'
INSTALL_DATA='${INSTALL} -m 644'
INSTALL_PROGRAM='${INSTALL}'
INSTALL_SCRIPT='${INSTALL}'
LDFLAGS=' -Wl,-export-dynamic'
LIBOBJS=''
LIBS='-lm '
LTLIBOBJS=''
NSLIB='libns.so'
OBJEXT='o'
PACKAGE_BUGREPORT=''
PACKAGE_NAME=''
PACKAGE_STRING=''
PACKAGE_TARNAME=''
PACKAGE_URL=''
PACKAGE_VERSION=''
PATH_SEPARATOR=':'
PERL='/usr/bin/perl'
PKG_SHLIB_CFLAGS=''
SHELL='/bin/bash'
SHLIB_CFLAGS='-fPIC'
SHLIB_LD='gcc -shared'
SHLIB_LD_LIBS=''
SHLIB_SUFFIX='.so'
V_ALL=''
V_AR='ar cr'
V_BROKEN_OBJ=''
V_CCOPT=' -Wall -Wno-write-strings'
V_DEFINE='-DTCLCL_CLASSINSTVAR  -DNDEBUG -DLINUX_TCP_HEADER -DUSE_SHM'
V_DEFINES='-DHAVE_LIBTCLCL -DHAVE_TCLCL_H -DHAVE_LIBOTCL1_14 -DHAVE_OTCL_H -DHAVE_LIBTK8_5 -DHAVE_TK_H -DHAVE_LIBTCL8_5 -DHAVE_TCLINT_H -DHAVE_TCL_H '
V_IMPORT_LIBS=''
V_INCLUDE=''
V_INCLUDES='-I/home/christen/build/ns-allinone-2.36.rc1/tclcl-1.20 -I/home/christen/build/ns-allinone-2.36.rc1/otcl-1.14 -I/home/christen/build/ns-allinone-2.36.rc1/include -I/home/christen/build/ns-allinone-2.36.rc1/include -I/home/christen/build/ns-allinone-2.36.rc1/include -I/usr/include/pcap'
V_INCLUDE_X11=''
V_LIB=' -lnsl -ldl'
V_LIBRARY_TCL='../lib/tcl8.5'
V_LIBRARY_TK='../lib/tk8.5'
V_LIBS='-L/home/christen/build/ns-allinone-2.36.rc1/tclcl-1.20 -ltclcl -L/home/christen/build/ns-allinone-2.36.rc1/otcl-1.14 -lotcl -L/home/christen/build/ns-allinone-2.36.rc1/lib -ltk8.5 -L/home/christen/build/ns-allinone-2.36.rc1/lib -ltcl8.5'
V_LIB_OTCL='-L/home/christen/build/ns-allinone-2.36.rc1/otcl-1.14 -lotcl'
V_LIB_TCL='-L/home/christen/build/ns-allinone-2.36.rc1/lib -ltcl8.5'
V_LIB_TCLCL='-L/home/christen/build/ns-allinone-2.36.rc1/tclcl-1.20 -ltclcl'
V_LIB_TK='-L/home/christen/build/ns-allinone-2.36.rc1/lib -ltk8.5'
V_LIB_X11='-lXext -lX11'
V_LSSCRIPT=''
V_NS_TCL_LIB_STL='$(NS_TCL_LIB_STL)'
V_OBJ=''
V_OBJ_CRYPT=''
V_RANLIB='ranlib'
V_SHELL=''
V_SIGRET='void'
V_STATIC=''
V_STLOBJ='$(OBJ_STL)'
V_TARCMD='tar cfh'
V_TAR_EXTRA=''
V_TAR_TARGET='linux-gnu'
V_TCL2CPP='../tclcl-1.20/tcl2c++'
V_TCLSH='/home/christen/build/ns-allinone-2.36.rc1/bin/tclsh8.5'
V_TCL_LIBRARY_FILES='$(TCL_BASE_LIBRARY_FILES) ../lib/tcl8.5/http1.0/http.tcl'
V_TKDOSNAMES='$(LIBRARY_TK)/optMenu.tcl $(LIBRARY_TK)/scrlbar.tcl'
ac_ct_CC='gcc'
ac_ct_CXX='g++'
bindir='${exec_prefix}/bin'
build='x86_64-unknown-linux-gnu'
build_alias=''
build_cpu='x86_64'
build_nse=''
build_os='linux-gnu'
build_vendor='unknown'
datadir='${datarootdir}'
datarootdir='${prefix}/share'
docdir='${datarootdir}/doc/${PACKAGE}'
dvidir='${docdir}'
exec_prefix='${prefix}'
host='x86_64-unknown-linux-gnu'
host_alias=''
host_cpu='x86_64'
host_os='linux-gnu'
host_vendor='unknown'
htmldir='${docdir}'
includedir='${prefix}/include'
infodir='${datarootdir}/info'
libdir='${exec_prefix}/lib'
libexecdir='${exec_prefix}/libexec'
localedir='${datarootdir}/locale'
localstatedir='${prefix}/var'
mandir='${datarootdir}/man'
oldincludedir='/usr/include'
pdfdir='${docdir}'
prefix='/usr/local'
program_transform_name='s,x,x,'
psdir='${docdir}'
sbindir='${exec_prefix}/sbin'
sharedstatedir='${prefix}/com'
sysconfdir='${prefix}/etc'
target='x86_64-unknown-linux-gnu'
target_alias=''
target_cpu='x86_64'
target_os='linux-gnu'
target_vendor='unknown'

## ----------- ##
## confdefs.h. ##
## ----------- ##

/* confdefs.h */
#define PACKAGE_NAME ""
#define PACKAGE_TARNAME ""
#define PACKAGE_VERSION ""
#define PACKAGE_STRING ""
#define PACKAGE_BUGREPORT ""
#define PACKAGE_URL ""
#define STDC_HEADERS 1
#define HAVE_SYS_TYPES_H 1
#define HAVE_SYS_STAT_H 1
#define HAVE_STDLIB_H 1
#define HAVE_STRING_H 1
#define HAVE_MEMORY_H 1
#define HAVE_STRINGS_H 1
#define HAVE_INTTYPES_H 1
#define HAVE_STDINT_H 1
#define HAVE_UNISTD_H 1
#define __EXTENSIONS__ 1
#define _ALL_SOURCE 1
#define _GNU_SOURCE 1
#define _POSIX_PTHREAD_SEMANTICS 1
#define _TANDEM_SOURCE 1
#define STDC_HEADERS 1
#define HAVE_STRING_H 1
#define HAVE_STL 1
#define HAVE_TCL_H 1
#define HAVE_TCLINT_H 1
#define HAVE_LIBTCL8_5 1
#define HAVE_TK_H 1
#define HAVE_LIBTK8_5 1
#define HAVE_OTCL_H 1
#define HAVE_LIBOTCL1_14 1
#define HAVE_TCLCL_H 1
#define HAVE_LIBTCLCL 1
#define STDC_HEADERS 1
#define HAVE_ARPA_INET_H 1
#define HAVE_FENV_H 1
#define HAVE_NETINET_IN_H 1
#define HAVE_STRING_H 1
#define HAVE_STRINGS_H 1
#define HAVE_TIME_H 1
#define HAVE_UNISTD_H 1
#define HAVE_NET_ETHERNET_H 1
#define HAVE_LIBM 1
#define HAVE_BCOPY 1
#define HAVE_BZERO 1
#define HAVE_FEENABLEEXCEPT 1
#define HAVE_GETRUSAGE 1
#define HAVE_SBRK 1
#define HAVE_SNPRINTF 1
#define RANDOM_RETURN_TYPE long
#define HAVE_STRTOQ 1
#define HAVE_STRTOLL 1
#define SIZEOF_LONG 8
#define HAVE_INT64 1
#define HAVE_ETHER_HEADER_STRUCT 1
#define HAVE_ETHER_ADDRESS_STRUCT 1
#define HAVE_SIOCGIFHWADDR 1
#define HAVE_SOCKLEN_T 1

configure: exit 0
